This file contains any messages produced by compilers while
running configure, to aid debugging if configure makes a mistake.

It was created by GraphClust configure 0.7.6, which was
generated by GNU Autoconf 2.59.  Invocation command line was

  $ ./configure --prefix=/home/videmp/Downloads/GraphClust-0.7.6/install_dir

## --------- ##
## Platform. ##
## --------- ##

hostname = videmp-work
uname -m = x86_64
uname -r = 3.13.0-46-generic
uname -s = Linux
uname -v = #77-Ubuntu SMP Mon Mar 2 18:23:39 UTC 2015

/usr/bin/uname -p = unknown
/bin/uname -X     = unknown

/bin/arch              = unknown
/usr/bin/arch -k       = unknown
/usr/convex/getsysinfo = unknown
hostinfo               = unknown
/bin/machine           = unknown
/usr/bin/oslevel       = unknown
/bin/universe          = unknown

PATH: /home/videmp/bin
PATH: /usr/local/sbin
PATH: /usr/local/bin
PATH: /usr/sbin
PATH: /usr/bin
PATH: /sbin
PATH: /bin
PATH: /usr/games
PATH: /usr/local/games
PATH: /home/videmp/.local/bin


## ----------- ##
## Core tests. ##
## ----------- ##

configure:1745: checking build system type
configure:1763: result: x86_64-unknown-linux-gnu
configure:1771: checking host system type
configure:1785: result: x86_64-unknown-linux-gnu
configure:1839: checking for gcc
configure:1855: found /usr/bin/gcc
configure:1865: result: gcc
configure:2109: checking for C compiler version
configure:2112: gcc --version </dev/null >&5
gcc (Ubuntu 4.8.2-19ubuntu1) 4.8.2
Copyright (C) 2013 Free Software Foundation, Inc.
This is free software; see the source for copying conditions.  There is NO
warranty; not even for MERCHANTABILITY or FITNESS FOR A PARTICULAR PURPOSE.

configure:2115: $? = 0
configure:2117: gcc -v </dev/null >&5
Using built-in specs.
COLLECT_GCC=gcc
COLLECT_LTO_WRAPPER=/usr/lib/gcc/x86_64-linux-gnu/4.8/lto-wrapper
Target: x86_64-linux-gnu
Configured with: ../src/configure -v --with-pkgversion='Ubuntu 4.8.2-19ubuntu1' --with-bugurl=file:///usr/share/doc/gcc-4.8/README.Bugs --enable-languages=c,c++,java,go,d,fortran,objc,obj-c++ --prefix=/usr --program-suffix=-4.8 --enable-shared --enable-linker-build-id --libexecdir=/usr/lib --without-included-gettext --enable-threads=posix --with-gxx-include-dir=/usr/include/c++/4.8 --libdir=/usr/lib --enable-nls --with-sysroot=/ --enable-clocale=gnu --enable-libstdcxx-debug --enable-libstdcxx-time=yes --enable-gnu-unique-object --disable-libmudflap --enable-plugin --with-system-zlib --disable-browser-plugin --enable-java-awt=gtk --enable-gtk-cairo --with-java-home=/usr/lib/jvm/java-1.5.0-gcj-4.8-amd64/jre --enable-java-home --with-jvm-root-dir=/usr/lib/jvm/java-1.5.0-gcj-4.8-amd64 --with-jvm-jar-dir=/usr/lib/jvm-exports/java-1.5.0-gcj-4.8-amd64 --with-arch-directory=amd64 --with-ecj-jar=/usr/share/java/eclipse-ecj.jar --enable-objc-gc --enable-multiarch --disable-werror --with-arch-32=i686 --with-abi=m64 --with-multilib-list=m32,m64,mx32 --with-tune=generic --enable-checking=release --build=x86_64-linux-gnu --host=x86_64-linux-gnu --target=x86_64-linux-gnu
Thread model: posix
gcc version 4.8.2 (Ubuntu 4.8.2-19ubuntu1) 
configure:2120: $? = 0
configure:2122: gcc -V </dev/null >&5
gcc: error: unrecognized command line option '-V'
gcc: fatal error: no input files
compilation terminated.
configure:2125: $? = 4
configure:2148: checking for C compiler default output file name
configure:2151: gcc    conftest.c  >&5
configure:2154: $? = 0
configure:2200: result: a.out
configure:2205: checking whether the C compiler works
configure:2211: ./a.out
configure:2214: $? = 0
configure:2231: result: yes
configure:2238: checking whether we are cross compiling
configure:2240: result: no
configure:2243: checking for suffix of executables
configure:2245: gcc -o conftest    conftest.c  >&5
configure:2248: $? = 0
configure:2273: result: 
configure:2279: checking for suffix of object files
configure:2300: gcc -c   conftest.c >&5
configure:2303: $? = 0
configure:2325: result: o
configure:2329: checking whether we are using the GNU C compiler
configure:2353: gcc -c   conftest.c >&5
configure:2359: $? = 0
configure:2363: test -z 
			 || test ! -s conftest.err
configure:2366: $? = 0
configure:2369: test -s conftest.o
configure:2372: $? = 0
configure:2385: result: yes
configure:2391: checking whether gcc accepts -g
configure:2412: gcc -c -g  conftest.c >&5
configure:2418: $? = 0
configure:2422: test -z 
			 || test ! -s conftest.err
configure:2425: $? = 0
configure:2428: test -s conftest.o
configure:2431: $? = 0
configure:2442: result: yes
configure:2459: checking for gcc option to accept ANSI C
configure:2529: gcc  -c -g -O2  conftest.c >&5
configure:2535: $? = 0
configure:2539: test -z 
			 || test ! -s conftest.err
configure:2542: $? = 0
configure:2545: test -s conftest.o
configure:2548: $? = 0
configure:2566: result: none needed
configure:2584: gcc -c -g -O2  conftest.c >&5
conftest.c:2:3: error: unknown type name 'choke'
   choke me
   ^
conftest.c:2:3: error: expected '=', ',', ';', 'asm' or '__attribute__' at end of input
configure:2590: $? = 1
configure: failed program was:
| #ifndef __cplusplus
|   choke me
| #endif
configure:2723: checking for a sed that does not truncate output
configure:2779: result: /bin/sed
configure:2782: checking for egrep
configure:2792: result: grep -E
configure:2808: checking for ld used by gcc
configure:2875: result: /usr/bin/ld
configure:2884: checking if the linker (/usr/bin/ld) is GNU ld
configure:2899: result: yes
configure:2904: checking for /usr/bin/ld option to reload object files
configure:2911: result: -r
configure:2929: checking for BSD-compatible nm
configure:2978: result: /usr/bin/nm -B
configure:2982: checking whether ln -s works
configure:2986: result: yes
configure:2993: checking how to recognise dependent libraries
configure:3169: result: pass_all
configure:3257: gcc -c -g -O2  conftest.c >&5
configure:3260: $? = 0
configure:3406: checking how to run the C preprocessor
configure:3441: gcc -E  conftest.c
configure:3447: $? = 0
configure:3479: gcc -E  conftest.c
conftest.c:9:28: fatal error: ac_nonexistent.h: No such file or directory
 #include <ac_nonexistent.h>
                            ^
compilation terminated.
configure:3485: $? = 1
configure: failed program was:
| /* confdefs.h.  */
| 
| #define PACKAGE_NAME "GraphClust"
| #define PACKAGE_TARNAME "GraphClust"
| #define PACKAGE_VERSION "0.7.6"
| #define PACKAGE_STRING "GraphClust 0.7.6"
| #define PACKAGE_BUGREPORT "heyne@informatik.uni-freiburg.de"
| /* end confdefs.h.  */
| #include <ac_nonexistent.h>
configure:3524: result: gcc -E
configure:3548: gcc -E  conftest.c
configure:3554: $? = 0
configure:3586: gcc -E  conftest.c
conftest.c:9:28: fatal error: ac_nonexistent.h: No such file or directory
 #include <ac_nonexistent.h>
                            ^
compilation terminated.
configure:3592: $? = 1
configure: failed program was:
| /* confdefs.h.  */
| 
| #define PACKAGE_NAME "GraphClust"
| #define PACKAGE_TARNAME "GraphClust"
| #define PACKAGE_VERSION "0.7.6"
| #define PACKAGE_STRING "GraphClust 0.7.6"
| #define PACKAGE_BUGREPORT "heyne@informatik.uni-freiburg.de"
| /* end confdefs.h.  */
| #include <ac_nonexistent.h>
configure:3636: checking for ANSI C header files
configure:3661: gcc -c -g -O2  conftest.c >&5
configure:3667: $? = 0
configure:3671: test -z 
			 || test ! -s conftest.err
configure:3674: $? = 0
configure:3677: test -s conftest.o
configure:3680: $? = 0
configure:3769: gcc -o conftest -g -O2   conftest.c  >&5
conftest.c: In function 'main':
conftest.c:26:7: warning: incompatible implicit declaration of built-in function 'exit' [enabled by default]
       exit(2);
       ^
configure:3772: $? = 0
configure:3774: ./conftest
configure:3777: $? = 0
configure:3792: result: yes
configure:3816: checking for sys/types.h
configure:3832: gcc -c -g -O2  conftest.c >&5
configure:3838: $? = 0
configure:3842: test -z 
			 || test ! -s conftest.err
configure:3845: $? = 0
configure:3848: test -s conftest.o
configure:3851: $? = 0
configure:3862: result: yes
configure:3816: checking for sys/stat.h
configure:3832: gcc -c -g -O2  conftest.c >&5
configure:3838: $? = 0
configure:3842: test -z 
			 || test ! -s conftest.err
configure:3845: $? = 0
configure:3848: test -s conftest.o
configure:3851: $? = 0
configure:3862: result: yes
configure:3816: checking for stdlib.h
configure:3832: gcc -c -g -O2  conftest.c >&5
configure:3838: $? = 0
configure:3842: test -z 
			 || test ! -s conftest.err
configure:3845: $? = 0
configure:3848: test -s conftest.o
configure:3851: $? = 0
configure:3862: result: yes
configure:3816: checking for string.h
configure:3832: gcc -c -g -O2  conftest.c >&5
configure:3838: $? = 0
configure:3842: test -z 
			 || test ! -s conftest.err
configure:3845: $? = 0
configure:3848: test -s conftest.o
configure:3851: $? = 0
configure:3862: result: yes
configure:3816: checking for memory.h
configure:3832: gcc -c -g -O2  conftest.c >&5
configure:3838: $? = 0
configure:3842: test -z 
			 || test ! -s conftest.err
configure:3845: $? = 0
configure:3848: test -s conftest.o
configure:3851: $? = 0
configure:3862: result: yes
configure:3816: checking for strings.h
configure:3832: gcc -c -g -O2  conftest.c >&5
configure:3838: $? = 0
configure:3842: test -z 
			 || test ! -s conftest.err
configure:3845: $? = 0
configure:3848: test -s conftest.o
configure:3851: $? = 0
configure:3862: result: yes
configure:3816: checking for inttypes.h
configure:3832: gcc -c -g -O2  conftest.c >&5
configure:3838: $? = 0
configure:3842: test -z 
			 || test ! -s conftest.err
configure:3845: $? = 0
configure:3848: test -s conftest.o
configure:3851: $? = 0
configure:3862: result: yes
configure:3816: checking for stdint.h
configure:3832: gcc -c -g -O2  conftest.c >&5
configure:3838: $? = 0
configure:3842: test -z 
			 || test ! -s conftest.err
configure:3845: $? = 0
configure:3848: test -s conftest.o
configure:3851: $? = 0
configure:3862: result: yes
configure:3816: checking for unistd.h
configure:3832: gcc -c -g -O2  conftest.c >&5
configure:3838: $? = 0
configure:3842: test -z 
			 || test ! -s conftest.err
configure:3845: $? = 0
configure:3848: test -s conftest.o
configure:3851: $? = 0
configure:3862: result: yes
configure:3888: checking dlfcn.h usability
configure:3900: gcc -c -g -O2  conftest.c >&5
configure:3906: $? = 0
configure:3910: test -z 
			 || test ! -s conftest.err
configure:3913: $? = 0
configure:3916: test -s conftest.o
configure:3919: $? = 0
configure:3929: result: yes
configure:3933: checking dlfcn.h presence
configure:3943: gcc -E  conftest.c
configure:3949: $? = 0
configure:3969: result: yes
configure:4004: checking for dlfcn.h
configure:4011: result: yes
configure:4076: checking for g++
configure:4092: found /usr/bin/g++
configure:4102: result: g++
configure:4118: checking for C++ compiler version
configure:4121: g++ --version </dev/null >&5
g++ (Ubuntu 4.8.2-19ubuntu1) 4.8.2
Copyright (C) 2013 Free Software Foundation, Inc.
This is free software; see the source for copying conditions.  There is NO
warranty; not even for MERCHANTABILITY or FITNESS FOR A PARTICULAR PURPOSE.

configure:4124: $? = 0
configure:4126: g++ -v </dev/null >&5
Using built-in specs.
COLLECT_GCC=g++
COLLECT_LTO_WRAPPER=/usr/lib/gcc/x86_64-linux-gnu/4.8/lto-wrapper
Target: x86_64-linux-gnu
Configured with: ../src/configure -v --with-pkgversion='Ubuntu 4.8.2-19ubuntu1' --with-bugurl=file:///usr/share/doc/gcc-4.8/README.Bugs --enable-languages=c,c++,java,go,d,fortran,objc,obj-c++ --prefix=/usr --program-suffix=-4.8 --enable-shared --enable-linker-build-id --libexecdir=/usr/lib --without-included-gettext --enable-threads=posix --with-gxx-include-dir=/usr/include/c++/4.8 --libdir=/usr/lib --enable-nls --with-sysroot=/ --enable-clocale=gnu --enable-libstdcxx-debug --enable-libstdcxx-time=yes --enable-gnu-unique-object --disable-libmudflap --enable-plugin --with-system-zlib --disable-browser-plugin --enable-java-awt=gtk --enable-gtk-cairo --with-java-home=/usr/lib/jvm/java-1.5.0-gcj-4.8-amd64/jre --enable-java-home --with-jvm-root-dir=/usr/lib/jvm/java-1.5.0-gcj-4.8-amd64 --with-jvm-jar-dir=/usr/lib/jvm-exports/java-1.5.0-gcj-4.8-amd64 --with-arch-directory=amd64 --with-ecj-jar=/usr/share/java/eclipse-ecj.jar --enable-objc-gc --enable-multiarch --disable-werror --with-arch-32=i686 --with-abi=m64 --with-multilib-list=m32,m64,mx32 --with-tune=generic --enable-checking=release --build=x86_64-linux-gnu --host=x86_64-linux-gnu --target=x86_64-linux-gnu
Thread model: posix
gcc version 4.8.2 (Ubuntu 4.8.2-19ubuntu1) 
configure:4129: $? = 0
configure:4131: g++ -V </dev/null >&5
g++: error: unrecognized command line option '-V'
g++: fatal error: no input files
compilation terminated.
configure:4134: $? = 4
configure:4137: checking whether we are using the GNU C++ compiler
configure:4161: g++ -c   conftest.cc >&5
configure:4167: $? = 0
configure:4171: test -z 
			 || test ! -s conftest.err
configure:4174: $? = 0
configure:4177: test -s conftest.o
configure:4180: $? = 0
configure:4193: result: yes
configure:4199: checking whether g++ accepts -g
configure:4220: g++ -c -g  conftest.cc >&5
configure:4226: $? = 0
configure:4230: test -z 
			 || test ! -s conftest.err
configure:4233: $? = 0
configure:4236: test -s conftest.o
configure:4239: $? = 0
configure:4250: result: yes
configure:4292: g++ -c -g -O2  conftest.cc >&5
configure:4298: $? = 0
configure:4302: test -z 
			 || test ! -s conftest.err
configure:4305: $? = 0
configure:4308: test -s conftest.o
configure:4311: $? = 0
configure:4337: g++ -c -g -O2  conftest.cc >&5
conftest.cc: In function 'int main()':
conftest.cc:24:9: error: 'exit' was not declared in this scope
 exit (42);
         ^
configure:4343: $? = 1
configure: failed program was:
| /* confdefs.h.  */
| 
| #define PACKAGE_NAME "GraphClust"
| #define PACKAGE_TARNAME "GraphClust"
| #define PACKAGE_VERSION "0.7.6"
| #define PACKAGE_STRING "GraphClust 0.7.6"
| #define PACKAGE_BUGREPORT "heyne@informatik.uni-freiburg.de"
| #define STDC_HEADERS 1
| #define HAVE_SYS_TYPES_H 1
| #define HAVE_SYS_STAT_H 1
| #define HAVE_STDLIB_H 1
| #define HAVE_STRING_H 1
| #define HAVE_MEMORY_H 1
| #define HAVE_STRINGS_H 1
| #define HAVE_INTTYPES_H 1
| #define HAVE_STDINT_H 1
| #define HAVE_UNISTD_H 1
| #define HAVE_DLFCN_H 1
| /* end confdefs.h.  */
| 
| int
| main ()
| {
| exit (42);
|   ;
|   return 0;
| }
configure:4292: g++ -c -g -O2  conftest.cc >&5
conftest.cc:20:40: error: 'void std::exit(int)' should have been declared inside 'std'
 extern "C" void std::exit (int) throw (); using std::exit;
                                        ^
configure:4298: $? = 1
configure: failed program was:
| /* confdefs.h.  */
| 
| #define PACKAGE_NAME "GraphClust"
| #define PACKAGE_TARNAME "GraphClust"
| #define PACKAGE_VERSION "0.7.6"
| #define PACKAGE_STRING "GraphClust 0.7.6"
| #define PACKAGE_BUGREPORT "heyne@informatik.uni-freiburg.de"
| #define STDC_HEADERS 1
| #define HAVE_SYS_TYPES_H 1
| #define HAVE_SYS_STAT_H 1
| #define HAVE_STDLIB_H 1
| #define HAVE_STRING_H 1
| #define HAVE_MEMORY_H 1
| #define HAVE_STRINGS_H 1
| #define HAVE_INTTYPES_H 1
| #define HAVE_STDINT_H 1
| #define HAVE_UNISTD_H 1
| #define HAVE_DLFCN_H 1
| /* end confdefs.h.  */
| extern "C" void std::exit (int) throw (); using std::exit;
| #include <stdlib.h>
| int
| main ()
| {
| exit (42);
|   ;
|   return 0;
| }
configure:4292: g++ -c -g -O2  conftest.cc >&5
conftest.cc:20:31: error: 'void std::exit(int)' should have been declared inside 'std'
 extern "C" void std::exit (int); using std::exit;
                               ^
In file included from conftest.cc:21:0:
/usr/include/stdlib.h:543:70: error: declaration of 'void std::exit(int) throw ()' has a different exception specifier
 extern void exit (int __status) __THROW __attribute__ ((__noreturn__));
                                                                      ^
conftest.cc:20:17: error: from previous declaration 'void std::exit(int)'
 extern "C" void std::exit (int); using std::exit;
                 ^
configure:4298: $? = 1
configure: failed program was:
| /* confdefs.h.  */
| 
| #define PACKAGE_NAME "GraphClust"
| #define PACKAGE_TARNAME "GraphClust"
| #define PACKAGE_VERSION "0.7.6"
| #define PACKAGE_STRING "GraphClust 0.7.6"
| #define PACKAGE_BUGREPORT "heyne@informatik.uni-freiburg.de"
| #define STDC_HEADERS 1
| #define HAVE_SYS_TYPES_H 1
| #define HAVE_SYS_STAT_H 1
| #define HAVE_STDLIB_H 1
| #define HAVE_STRING_H 1
| #define HAVE_MEMORY_H 1
| #define HAVE_STRINGS_H 1
| #define HAVE_INTTYPES_H 1
| #define HAVE_STDINT_H 1
| #define HAVE_UNISTD_H 1
| #define HAVE_DLFCN_H 1
| /* end confdefs.h.  */
| extern "C" void std::exit (int); using std::exit;
| #include <stdlib.h>
| int
| main ()
| {
| exit (42);
|   ;
|   return 0;
| }
configure:4292: g++ -c -g -O2  conftest.cc >&5
configure:4298: $? = 0
configure:4302: test -z 
			 || test ! -s conftest.err
configure:4305: $? = 0
configure:4308: test -s conftest.o
configure:4311: $? = 0
configure:4337: g++ -c -g -O2  conftest.cc >&5
configure:4343: $? = 0
configure:4347: test -z 
			 || test ! -s conftest.err
configure:4350: $? = 0
configure:4353: test -s conftest.o
configure:4356: $? = 0
configure:4389: checking how to run the C++ preprocessor
configure:4420: g++ -E  conftest.cc
configure:4426: $? = 0
configure:4458: g++ -E  conftest.cc
conftest.cc:23:28: fatal error: ac_nonexistent.h: No such file or directory
 #include <ac_nonexistent.h>
                            ^
compilation terminated.
configure:4464: $? = 1
configure: failed program was:
| /* confdefs.h.  */
| 
| #define PACKAGE_NAME "GraphClust"
| #define PACKAGE_TARNAME "GraphClust"
| #define PACKAGE_VERSION "0.7.6"
| #define PACKAGE_STRING "GraphClust 0.7.6"
| #define PACKAGE_BUGREPORT "heyne@informatik.uni-freiburg.de"
| #define STDC_HEADERS 1
| #define HAVE_SYS_TYPES_H 1
| #define HAVE_SYS_STAT_H 1
| #define HAVE_STDLIB_H 1
| #define HAVE_STRING_H 1
| #define HAVE_MEMORY_H 1
| #define HAVE_STRINGS_H 1
| #define HAVE_INTTYPES_H 1
| #define HAVE_STDINT_H 1
| #define HAVE_UNISTD_H 1
| #define HAVE_DLFCN_H 1
| #ifdef __cplusplus
| extern "C" void exit (int) throw ();
| #endif
| /* end confdefs.h.  */
| #include <ac_nonexistent.h>
configure:4503: result: g++ -E
configure:4527: g++ -E  conftest.cc
configure:4533: $? = 0
configure:4565: g++ -E  conftest.cc
conftest.cc:23:28: fatal error: ac_nonexistent.h: No such file or directory
 #include <ac_nonexistent.h>
                            ^
compilation terminated.
configure:4571: $? = 1
configure: failed program was:
| /* confdefs.h.  */
| 
| #define PACKAGE_NAME "GraphClust"
| #define PACKAGE_TARNAME "GraphClust"
| #define PACKAGE_VERSION "0.7.6"
| #define PACKAGE_STRING "GraphClust 0.7.6"
| #define PACKAGE_BUGREPORT "heyne@informatik.uni-freiburg.de"
| #define STDC_HEADERS 1
| #define HAVE_SYS_TYPES_H 1
| #define HAVE_SYS_STAT_H 1
| #define HAVE_STDLIB_H 1
| #define HAVE_STRING_H 1
| #define HAVE_MEMORY_H 1
| #define HAVE_STRINGS_H 1
| #define HAVE_INTTYPES_H 1
| #define HAVE_STDINT_H 1
| #define HAVE_UNISTD_H 1
| #define HAVE_DLFCN_H 1
| #ifdef __cplusplus
| extern "C" void exit (int) throw ();
| #endif
| /* end confdefs.h.  */
| #include <ac_nonexistent.h>
configure:4668: checking for g77
configure:4697: result: no
configure:4668: checking for f77
configure:4684: found /usr/bin/f77
configure:4694: result: f77
configure:4709: checking for Fortran 77 compiler version
configure:4712: f77 --version </dev/null >&5
/usr/bin/f77: Illegal option: --version
configure:4715: $? = 255
configure:4717: f77 -v </dev/null >&5
/usr/bin/f77: fort77 Version 1.15
/usr/bin/f77: No input files specified
configure:4720: $? = 255
configure:4722: f77 -V </dev/null >&5
/usr/bin/f77 : Missing argument to "-V"
configure:4725: $? = 255
configure:4733: checking whether we are using the GNU Fortran 77 compiler
configure:4747: f77 -c  conftest.F >&5
   MAIN main:
configure:4753: $? = 0
configure:4757: test -z 
			 || test ! -s conftest.err
configure:4760: $? = 0
configure:4763: test -s conftest.o
configure:4766: $? = 0
configure:4779: result: yes
configure:4785: checking whether f77 accepts -g
configure:4797: f77 -c -g conftest.f >&5
   MAIN main:
configure:4803: $? = 0
configure:4807: test -z 
			 || test ! -s conftest.err
configure:4810: $? = 0
configure:4813: test -s conftest.o
configure:4816: $? = 0
configure:4828: result: yes
configure:4858: checking the maximum length of command line arguments
configure:4967: result: 32768
configure:4978: checking command to parse /usr/bin/nm -B output from gcc object
configure:5083: gcc -c -g -O2  conftest.c >&5
configure:5086: $? = 0
configure:5090: /usr/bin/nm -B conftest.o \| sed -n -e 's/^.*[ 	]\([ABCDGIRSTW][ABCDGIRSTW]*\)[ 	][ 	]*\([_A-Za-z][_A-Za-z0-9]*\)$/\1 \2 \2/p' \> conftest.nm
configure:5093: $? = 0
configure:5145: gcc -o conftest -g -O2   conftest.c conftstm.o >&5
configure:5148: $? = 0
configure:5186: result: ok
configure:5190: checking for objdir
configure:5205: result: .libs
configure:5295: checking for ar
configure:5311: found /usr/bin/ar
configure:5322: result: ar
configure:5375: checking for ranlib
configure:5391: found /usr/bin/ranlib
configure:5402: result: ranlib
configure:5455: checking for strip
configure:5471: found /usr/bin/strip
configure:5482: result: strip
configure:5754: checking if gcc supports -fno-rtti -fno-exceptions
configure:5772: gcc -c -g -O2  -fno-rtti -fno-exceptions conftest.c >&5
cc1: warning: command line option '-fno-rtti' is valid for C++/ObjC++ but not for C [enabled by default]
configure:5776: $? = 0
configure:5789: result: no
configure:5804: checking for gcc option to produce PIC
configure:6014: result: -fPIC
configure:6022: checking if gcc PIC flag -fPIC works
configure:6040: gcc -c -g -O2  -fPIC -DPIC conftest.c >&5
configure:6044: $? = 0
configure:6057: result: yes
configure:6085: checking if gcc static flag -static works
configure:6113: result: yes
configure:6123: checking if gcc supports -c -o file.o
configure:6144: gcc -c -g -O2  -o out/conftest2.o conftest.c >&5
configure:6148: $? = 0
configure:6170: result: yes
configure:6196: checking whether the gcc linker (/usr/bin/ld -m elf_x86_64) supports shared libraries
configure:7154: result: yes
configure:7175: checking whether -lc should be explicitly linked in
configure:7180: gcc -c -g -O2  conftest.c >&5
configure:7183: $? = 0
configure:7198: gcc -shared conftest.o  -v -Wl,-soname -Wl,conftest -o conftest 2\>\&1 \| grep  -lc  \>/dev/null 2\>\&1
configure:7201: $? = 0
configure:7213: result: no
configure:7221: checking dynamic linker characteristics
configure:7614: gcc -c -g -O2  conftest.c >&5
configure:7617: $? = 0
configure:7830: result: GNU/Linux ld.so
configure:7839: checking how to hardcode library paths into programs
configure:7864: result: immediate
configure:7878: checking whether stripping libraries is possible
configure:7883: result: yes
configure:8717: checking if libtool supports shared libraries
configure:8719: result: yes
configure:8722: checking whether to build shared libraries
configure:8743: result: yes
configure:8746: checking whether to build static libraries
configure:8750: result: yes
configure:8842: creating libtool
configure:9433: checking for ld used by g++
configure:9500: result: /usr/bin/ld -m elf_x86_64
configure:9509: checking if the linker (/usr/bin/ld -m elf_x86_64) is GNU ld
configure:9524: result: yes
configure:9575: checking whether the g++ linker (/usr/bin/ld -m elf_x86_64) supports shared libraries
configure:10513: result: yes
configure:10531: g++ -c -g -O2  conftest.cpp >&5
configure:10534: $? = 0
configure:10653: checking for g++ option to produce PIC
configure:10927: result: -fPIC
configure:10935: checking if g++ PIC flag -fPIC works
configure:10953: g++ -c -g -O2  -fPIC -DPIC conftest.cpp >&5
configure:10957: $? = 0
configure:10970: result: yes
configure:10998: checking if g++ static flag -static works
configure:11026: result: yes
configure:11036: checking if g++ supports -c -o file.o
configure:11057: g++ -c -g -O2  -o out/conftest2.o conftest.cpp >&5
configure:11061: $? = 0
configure:11083: result: yes
configure:11109: checking whether the g++ linker (/usr/bin/ld -m elf_x86_64) supports shared libraries
configure:11134: result: yes
configure:11201: checking dynamic linker characteristics
configure:11594: g++ -c -g -O2  conftest.cpp >&5
configure:11597: $? = 0
configure:11810: result: GNU/Linux ld.so
configure:11819: checking how to hardcode library paths into programs
configure:11844: result: immediate
configure:12373: checking if libtool supports shared libraries
configure:12375: result: yes
configure:12378: checking whether to build shared libraries
configure:12398: result: yes
configure:12401: checking whether to build static libraries
configure:12405: result: yes
configure:12415: checking for f77 option to produce PIC
configure:12625: result: -fPIC
configure:12633: checking if f77 PIC flag -fPIC works
configure:12651: f77 -c -g -O2 -fPIC conftest.f >&5
   t:
configure:12655: $? = 0
configure:12668: result: yes
configure:12696: checking if f77 static flag -static works
   MAIN t:
configure:12724: result: yes
configure:12734: checking if f77 supports -c -o file.o
configure:12755: f77 -c -g -O2 -o out/conftest2.o conftest.f >&5
   t:
configure:12759: $? = 0
configure:12781: result: yes
configure:12807: checking whether the f77 linker (/usr/bin/ld -m elf_x86_64) supports shared libraries
configure:13745: result: yes
configure:13812: checking dynamic linker characteristics
configure:14205: f77 -c -g -O2 conftest.f >&5
configure:14208: $? = 0
configure:14421: result: GNU/Linux ld.so
configure:14430: checking how to hardcode library paths into programs
configure:14455: result: immediate
configure:18153: checking for C++ compiler version
configure:18156: g++ --version </dev/null >&5
g++ (Ubuntu 4.8.2-19ubuntu1) 4.8.2
Copyright (C) 2013 Free Software Foundation, Inc.
This is free software; see the source for copying conditions.  There is NO
warranty; not even for MERCHANTABILITY or FITNESS FOR A PARTICULAR PURPOSE.

configure:18159: $? = 0
configure:18161: g++ -v </dev/null >&5
Using built-in specs.
COLLECT_GCC=g++
COLLECT_LTO_WRAPPER=/usr/lib/gcc/x86_64-linux-gnu/4.8/lto-wrapper
Target: x86_64-linux-gnu
Configured with: ../src/configure -v --with-pkgversion='Ubuntu 4.8.2-19ubuntu1' --with-bugurl=file:///usr/share/doc/gcc-4.8/README.Bugs --enable-languages=c,c++,java,go,d,fortran,objc,obj-c++ --prefix=/usr --program-suffix=-4.8 --enable-shared --enable-linker-build-id --libexecdir=/usr/lib --without-included-gettext --enable-threads=posix --with-gxx-include-dir=/usr/include/c++/4.8 --libdir=/usr/lib --enable-nls --with-sysroot=/ --enable-clocale=gnu --enable-libstdcxx-debug --enable-libstdcxx-time=yes --enable-gnu-unique-object --disable-libmudflap --enable-plugin --with-system-zlib --disable-browser-plugin --enable-java-awt=gtk --enable-gtk-cairo --with-java-home=/usr/lib/jvm/java-1.5.0-gcj-4.8-amd64/jre --enable-java-home --with-jvm-root-dir=/usr/lib/jvm/java-1.5.0-gcj-4.8-amd64 --with-jvm-jar-dir=/usr/lib/jvm-exports/java-1.5.0-gcj-4.8-amd64 --with-arch-directory=amd64 --with-ecj-jar=/usr/share/java/eclipse-ecj.jar --enable-objc-gc --enable-multiarch --disable-werror --with-arch-32=i686 --with-abi=m64 --with-multilib-list=m32,m64,mx32 --with-tune=generic --enable-checking=release --build=x86_64-linux-gnu --host=x86_64-linux-gnu --target=x86_64-linux-gnu
Thread model: posix
gcc version 4.8.2 (Ubuntu 4.8.2-19ubuntu1) 
configure:18164: $? = 0
configure:18166: g++ -V </dev/null >&5
g++: error: unrecognized command line option '-V'
g++: fatal error: no input files
compilation terminated.
configure:18169: $? = 4
configure:18172: checking whether we are using the GNU C++ compiler
configure:18228: result: yes
configure:18234: checking whether g++ accepts -g
configure:18285: result: yes
configure:18327: g++ -c -O3  conftest.cc >&5
configure:18333: $? = 0
configure:18337: test -z 
			 || test ! -s conftest.err
configure:18340: $? = 0
configure:18343: test -s conftest.o
configure:18346: $? = 0
configure:18372: g++ -c -O3  conftest.cc >&5
configure:18378: $? = 0
configure:18382: test -z 
			 || test ! -s conftest.err
configure:18385: $? = 0
configure:18388: test -s conftest.o
configure:18391: $? = 0
configure:18419: checking how to run the C++ preprocessor
configure:18533: result: g++ -E
configure:18557: g++ -E  conftest.cc
configure:18563: $? = 0
configure:18595: g++ -E  conftest.cc
conftest.cc:23:28: fatal error: ac_nonexistent.h: No such file or directory
 #include <ac_nonexistent.h>
                            ^
compilation terminated.
configure:18601: $? = 1
configure: failed program was:
| /* confdefs.h.  */
| 
| #define PACKAGE_NAME "GraphClust"
| #define PACKAGE_TARNAME "GraphClust"
| #define PACKAGE_VERSION "0.7.6"
| #define PACKAGE_STRING "GraphClust 0.7.6"
| #define PACKAGE_BUGREPORT "heyne@informatik.uni-freiburg.de"
| #define STDC_HEADERS 1
| #define HAVE_SYS_TYPES_H 1
| #define HAVE_SYS_STAT_H 1
| #define HAVE_STDLIB_H 1
| #define HAVE_STRING_H 1
| #define HAVE_MEMORY_H 1
| #define HAVE_STRINGS_H 1
| #define HAVE_INTTYPES_H 1
| #define HAVE_STDINT_H 1
| #define HAVE_UNISTD_H 1
| #define HAVE_DLFCN_H 1
| #ifdef __cplusplus
| extern "C" void exit (int) throw ();
| #endif
| /* end confdefs.h.  */
| #include <ac_nonexistent.h>
configure:18690: checking for gcc
configure:18716: result: gcc
configure:18960: checking for C compiler version
configure:18963: gcc --version </dev/null >&5
gcc (Ubuntu 4.8.2-19ubuntu1) 4.8.2
Copyright (C) 2013 Free Software Foundation, Inc.
This is free software; see the source for copying conditions.  There is NO
warranty; not even for MERCHANTABILITY or FITNESS FOR A PARTICULAR PURPOSE.

configure:18966: $? = 0
configure:18968: gcc -v </dev/null >&5
Using built-in specs.
COLLECT_GCC=gcc
COLLECT_LTO_WRAPPER=/usr/lib/gcc/x86_64-linux-gnu/4.8/lto-wrapper
Target: x86_64-linux-gnu
Configured with: ../src/configure -v --with-pkgversion='Ubuntu 4.8.2-19ubuntu1' --with-bugurl=file:///usr/share/doc/gcc-4.8/README.Bugs --enable-languages=c,c++,java,go,d,fortran,objc,obj-c++ --prefix=/usr --program-suffix=-4.8 --enable-shared --enable-linker-build-id --libexecdir=/usr/lib --without-included-gettext --enable-threads=posix --with-gxx-include-dir=/usr/include/c++/4.8 --libdir=/usr/lib --enable-nls --with-sysroot=/ --enable-clocale=gnu --enable-libstdcxx-debug --enable-libstdcxx-time=yes --enable-gnu-unique-object --disable-libmudflap --enable-plugin --with-system-zlib --disable-browser-plugin --enable-java-awt=gtk --enable-gtk-cairo --with-java-home=/usr/lib/jvm/java-1.5.0-gcj-4.8-amd64/jre --enable-java-home --with-jvm-root-dir=/usr/lib/jvm/java-1.5.0-gcj-4.8-amd64 --with-jvm-jar-dir=/usr/lib/jvm-exports/java-1.5.0-gcj-4.8-amd64 --with-arch-directory=amd64 --with-ecj-jar=/usr/share/java/eclipse-ecj.jar --enable-objc-gc --enable-multiarch --disable-werror --with-arch-32=i686 --with-abi=m64 --with-multilib-list=m32,m64,mx32 --with-tune=generic --enable-checking=release --build=x86_64-linux-gnu --host=x86_64-linux-gnu --target=x86_64-linux-gnu
Thread model: posix
gcc version 4.8.2 (Ubuntu 4.8.2-19ubuntu1) 
configure:18971: $? = 0
configure:18973: gcc -V </dev/null >&5
gcc: error: unrecognized command line option '-V'
gcc: fatal error: no input files
compilation terminated.
configure:18976: $? = 4
configure:18979: checking whether we are using the GNU C compiler
configure:19035: result: yes
configure:19041: checking whether gcc accepts -g
configure:19092: result: yes
configure:19109: checking for gcc option to accept ANSI C
configure:19216: result: none needed
configure:19234: gcc -c -O3  conftest.c >&5
conftest.c:2:3: error: unknown type name 'choke'
   choke me
   ^
conftest.c:2:3: error: expected '=', ',', ';', 'asm' or '__attribute__' at end of input
configure:19240: $? = 1
configure: failed program was:
| #ifndef __cplusplus
|   choke me
| #endif
configure:19378: checking how to run the C preprocessor
configure:19496: result: gcc -E
configure:19520: gcc -E  conftest.c
configure:19526: $? = 0
configure:19558: gcc -E  conftest.c
conftest.c:23:28: fatal error: ac_nonexistent.h: No such file or directory
 #include <ac_nonexistent.h>
                            ^
compilation terminated.
configure:19564: $? = 1
configure: failed program was:
| /* confdefs.h.  */
| 
| #define PACKAGE_NAME "GraphClust"
| #define PACKAGE_TARNAME "GraphClust"
| #define PACKAGE_VERSION "0.7.6"
| #define PACKAGE_STRING "GraphClust 0.7.6"
| #define PACKAGE_BUGREPORT "heyne@informatik.uni-freiburg.de"
| #define STDC_HEADERS 1
| #define HAVE_SYS_TYPES_H 1
| #define HAVE_SYS_STAT_H 1
| #define HAVE_STDLIB_H 1
| #define HAVE_STRING_H 1
| #define HAVE_MEMORY_H 1
| #define HAVE_STRINGS_H 1
| #define HAVE_INTTYPES_H 1
| #define HAVE_STDINT_H 1
| #define HAVE_UNISTD_H 1
| #define HAVE_DLFCN_H 1
| #ifdef __cplusplus
| extern "C" void exit (int) throw ();
| #endif
| /* end confdefs.h.  */
| #include <ac_nonexistent.h>
configure:19620: checking for a BSD-compatible install
configure:19675: result: /usr/bin/install -c
configure:19698: checking for perl
configure:19716: found /usr/bin/perl
configure:19728: result: /usr/bin/perl
configure:19741: checking for help2man
configure:19772: result: false
configure:19781: checking for pod2man
configure:19799: found /usr/bin/pod2man
configure:19812: result: /usr/bin/pod2man
configure:19821: checking whether build environment is sane
configure:19864: result: yes
configure:19929: checking for gawk
configure:19945: found /usr/bin/gawk
configure:19955: result: gawk
configure:19965: checking whether make sets $(MAKE)
configure:19985: result: yes
configure:20015: checking for style of include used by make
configure:20043: result: GNU
configure:20219: checking dependency style of gcc
configure:20309: result: gcc3
configure:20328: checking dependency style of g++
configure:20418: result: gcc3
configure:20465: checking for RNAshapes
configure:20496: result: false
configure:20505: checking for mlocarna
configure:20536: result: false
configure:20545: checking for cmsearch
configure:20576: result: false
configure:20585: checking for R
configure:20603: found /usr/bin/R
configure:20616: result: /usr/bin/R
configure:20625: checking for RNAz
configure:20656: result: false
configure:20665: checking for blastclust
configure:20696: result: false
configure:20705: checking for octave
configure:20736: result: false
configure:20745: checking for cmfinder
configure:20776: result: false
configure:20814: checking for RNAfold
configure:20832: found /usr/local/bin/RNAfold
configure:20845: result: /usr/local/bin/RNAfold
configure:20854: checking for RNAplfold
configure:20872: found /usr/local/bin/RNAplfold
configure:20885: result: /usr/local/bin/RNAplfold
configure:20894: checking for RNAalifold
configure:20912: found /usr/local/bin/RNAalifold
configure:20925: result: /usr/local/bin/RNAalifold
configure:21114: checking for gcc option to support OpenMP
configure:21129: g++ -o conftest -O3   conftest.cc -lm  >&5
conftest.cc:3:2: error: 'choke' does not name a type
  choke me
  ^
In file included from conftest.cc:5:0:
/usr/lib/gcc/x86_64-linux-gnu/4.8/include/omp.h:38:3: error: 'omp_lock_t' does not name a type
 } omp_lock_t;
   ^
/usr/lib/gcc/x86_64-linux-gnu/4.8/include/omp.h:76:28: error: variable or field 'omp_init_lock' declared void
 extern void omp_init_lock (omp_lock_t *) __GOMP_NOTHROW;
                            ^
/usr/lib/gcc/x86_64-linux-gnu/4.8/include/omp.h:76:28: error: 'omp_lock_t' was not declared in this scope
/usr/lib/gcc/x86_64-linux-gnu/4.8/include/omp.h:76:40: error: expected primary-expression before ')' token
 extern void omp_init_lock (omp_lock_t *) __GOMP_NOTHROW;
                                        ^
/usr/lib/gcc/x86_64-linux-gnu/4.8/include/omp.h:77:31: error: variable or field 'omp_destroy_lock' declared void
 extern void omp_destroy_lock (omp_lock_t *) __GOMP_NOTHROW;
                               ^
/usr/lib/gcc/x86_64-linux-gnu/4.8/include/omp.h:77:31: error: 'omp_lock_t' was not declared in this scope
/usr/lib/gcc/x86_64-linux-gnu/4.8/include/omp.h:77:43: error: expected primary-expression before ')' token
 extern void omp_destroy_lock (omp_lock_t *) __GOMP_NOTHROW;
                                           ^
/usr/lib/gcc/x86_64-linux-gnu/4.8/include/omp.h:78:27: error: variable or field 'omp_set_lock' declared void
 extern void omp_set_lock (omp_lock_t *) __GOMP_NOTHROW;
                           ^
/usr/lib/gcc/x86_64-linux-gnu/4.8/include/omp.h:78:27: error: 'omp_lock_t' was not declared in this scope
/usr/lib/gcc/x86_64-linux-gnu/4.8/include/omp.h:78:39: error: expected primary-expression before ')' token
 extern void omp_set_lock (omp_lock_t *) __GOMP_NOTHROW;
                                       ^
/usr/lib/gcc/x86_64-linux-gnu/4.8/include/omp.h:79:29: error: variable or field 'omp_unset_lock' declared void
 extern void omp_unset_lock (omp_lock_t *) __GOMP_NOTHROW;
                             ^
/usr/lib/gcc/x86_64-linux-gnu/4.8/include/omp.h:79:29: error: 'omp_lock_t' was not declared in this scope
/usr/lib/gcc/x86_64-linux-gnu/4.8/include/omp.h:79:41: error: expected primary-expression before ')' token
 extern void omp_unset_lock (omp_lock_t *) __GOMP_NOTHROW;
                                         ^
/usr/lib/gcc/x86_64-linux-gnu/4.8/include/omp.h:80:27: error: 'omp_lock_t' was not declared in this scope
 extern int omp_test_lock (omp_lock_t *) __GOMP_NOTHROW;
                           ^
/usr/lib/gcc/x86_64-linux-gnu/4.8/include/omp.h:80:39: error: expected primary-expression before ')' token
 extern int omp_test_lock (omp_lock_t *) __GOMP_NOTHROW;
                                       ^
/usr/lib/gcc/x86_64-linux-gnu/4.8/include/omp.h:80:41: error: expected ',' or ';' before 'throw'
 extern int omp_test_lock (omp_lock_t *) __GOMP_NOTHROW;
                                         ^
configure:21135: $? = 1
configure: failed program was:
| 
| #ifndef _OPENMP
|  choke me
| #endif
| #include <omp.h>
| int main () { return omp_get_num_threads (); }
| 
configure:21169: g++ -o conftest -O3 -fopenmp   conftest.cc -lm  >&5
configure:21175: $? = 0
configure:21179: test -z 
			 || test ! -s conftest.err
configure:21182: $? = 0
configure:21185: test -s conftest
configure:21188: $? = 0
configure:21207: result: -fopenmp
configure:21226: checking whether to build with debug information
configure:21235: result: no
configure:21256: checking whether to link statically
configure:21266: result: no
configure:21289: =================================================================
configure:21291: Warning: (compilation of GraphClust is still possible)
configure:21293: 
configure:21296: Cannot find library "evd" for R. Please install it!
configure:21298: 
configure:21300: Please call R and then type "install.packages("evd")
configure:21302: May be you need to add a path to R_LIBS_USER!
configure:21304: 
configure:21332: =================================================================
configure:21334: Error:
configure:21336: 
configure:21339: Cannot find all necessary external tools:
configure:21341: 
configure:21343: RNAshapes : false
configure:21345: Infernal  : false
configure:21347: RNAz      : false
configure:21349: LocARNA   : false
configure:21351: 
configure:21353: Optional tools (only used with specific GraphClust parameters:
configure:21355: BLASTCLUST: false
configure:21357: R         : /usr/bin/
configure:21359: OCTAVE    : false
configure:21361: CMfinder  : false
configure:21363: 
configure:21365: Please install all tools which were not found!
configure:21367: Maybe you just need to add their path to $PATH!?
configure:21369: 

## ---------------- ##
## Cache variables. ##
## ---------------- ##

ac_cv_build=x86_64-unknown-linux-gnu
ac_cv_build_alias=x86_64-unknown-linux-gnu
ac_cv_c_compiler_gnu=yes
ac_cv_cxx_compiler_gnu=yes
ac_cv_env_BLASTCLUST_BINPATH_set=
ac_cv_env_BLASTCLUST_BINPATH_value=
ac_cv_env_CC_set=
ac_cv_env_CC_value=
ac_cv_env_CFLAGS_set=
ac_cv_env_CFLAGS_value=
ac_cv_env_CMFINDER_BINPATH_set=
ac_cv_env_CMFINDER_BINPATH_value=
ac_cv_env_CPPFLAGS_set=
ac_cv_env_CPPFLAGS_value=
ac_cv_env_CPP_set=
ac_cv_env_CPP_value=
ac_cv_env_CXXCPP_set=
ac_cv_env_CXXCPP_value=
ac_cv_env_CXXFLAGS_set=
ac_cv_env_CXXFLAGS_value=
ac_cv_env_CXX_set=
ac_cv_env_CXX_value=
ac_cv_env_F77_set=
ac_cv_env_F77_value=
ac_cv_env_FFLAGS_set=
ac_cv_env_FFLAGS_value=
ac_cv_env_INFERNAL_BINPATH_set=
ac_cv_env_INFERNAL_BINPATH_value=
ac_cv_env_LDFLAGS_set=
ac_cv_env_LDFLAGS_value=
ac_cv_env_LOCARNA_BINPATH_set=
ac_cv_env_LOCARNA_BINPATH_value=
ac_cv_env_OCTAVE_BINPATH_set=
ac_cv_env_OCTAVE_BINPATH_value=
ac_cv_env_RNASHAPES_BINPATH_set=
ac_cv_env_RNASHAPES_BINPATH_value=
ac_cv_env_RNAZ_BINPATH_set=
ac_cv_env_RNAZ_BINPATH_value=
ac_cv_env_RNAalifold_set=
ac_cv_env_RNAalifold_value=
ac_cv_env_RNAfold_set=
ac_cv_env_RNAfold_value=
ac_cv_env_RNAplfold_set=
ac_cv_env_RNAplfold_value=
ac_cv_env_R_BINPATH_set=
ac_cv_env_R_BINPATH_value=
ac_cv_env_VIENNA_BINPATH_set=
ac_cv_env_VIENNA_BINPATH_value=
ac_cv_env_build_alias_set=
ac_cv_env_build_alias_value=
ac_cv_env_host_alias_set=
ac_cv_env_host_alias_value=
ac_cv_env_target_alias_set=
ac_cv_env_target_alias_value=
ac_cv_exeext=
ac_cv_f77_compiler_gnu=yes
ac_cv_header_dlfcn_h=yes
ac_cv_header_inttypes_h=yes
ac_cv_header_memory_h=yes
ac_cv_header_stdc=yes
ac_cv_header_stdint_h=yes
ac_cv_header_stdlib_h=yes
ac_cv_header_string_h=yes
ac_cv_header_strings_h=yes
ac_cv_header_sys_stat_h=yes
ac_cv_header_sys_types_h=yes
ac_cv_header_unistd_h=yes
ac_cv_host=x86_64-unknown-linux-gnu
ac_cv_host_alias=x86_64-unknown-linux-gnu
ac_cv_objext=o
ac_cv_path_BLASTCLUST_BINPATH=false
ac_cv_path_CMFINDER_BINPATH=false
ac_cv_path_HELP2MAN=false
ac_cv_path_INFERNAL_BINPATH=false
ac_cv_path_LOCARNA_BINPATH=false
ac_cv_path_OCTAVE_BINPATH=false
ac_cv_path_PERL=/usr/bin/perl
ac_cv_path_POD2MAN=/usr/bin/pod2man
ac_cv_path_RNASHAPES_BINPATH=false
ac_cv_path_RNAZ_BINPATH=false
ac_cv_path_RNAalifold=/usr/local/bin/RNAalifold
ac_cv_path_RNAfold=/usr/local/bin/RNAfold
ac_cv_path_RNAplfold=/usr/local/bin/RNAplfold
ac_cv_path_R_BINPATH=/usr/bin/R
ac_cv_path_install='/usr/bin/install -c'
ac_cv_prog_AWK=gawk
ac_cv_prog_CPP='gcc -E'
ac_cv_prog_CXXCPP='g++ -E'
ac_cv_prog_ac_ct_AR=ar
ac_cv_prog_ac_ct_CC=gcc
ac_cv_prog_ac_ct_CXX=g++
ac_cv_prog_ac_ct_F77=f77
ac_cv_prog_ac_ct_RANLIB=ranlib
ac_cv_prog_ac_ct_STRIP=strip
ac_cv_prog_cc_g=yes
ac_cv_prog_cc_stdc=
ac_cv_prog_cxx_g=yes
ac_cv_prog_cxx_openmp=-fopenmp
ac_cv_prog_egrep='grep -E'
ac_cv_prog_f77_g=yes
ac_cv_prog_make_make_set=yes
am_cv_CC_dependencies_compiler_type=gcc3
am_cv_CXX_dependencies_compiler_type=gcc3
lt_cv_deplibs_check_method=pass_all
lt_cv_file_magic_cmd='$MAGIC_CMD'
lt_cv_file_magic_test_file=
lt_cv_ld_reload_flag=-r
lt_cv_objdir=.libs
lt_cv_path_LD=/usr/bin/ld
lt_cv_path_LDCXX='/usr/bin/ld -m elf_x86_64'
lt_cv_path_NM='/usr/bin/nm -B'
lt_cv_path_SED=/bin/sed
lt_cv_prog_compiler_c_o=yes
lt_cv_prog_compiler_c_o_CXX=yes
lt_cv_prog_compiler_c_o_F77=yes
lt_cv_prog_compiler_rtti_exceptions=no
lt_cv_prog_gnu_ld=yes
lt_cv_prog_gnu_ldcxx=yes
lt_cv_sys_global_symbol_pipe='sed -n -e '\''s/^.*[ 	]\([ABCDGIRSTW][ABCDGIRSTW]*\)[ 	][ 	]*\([_A-Za-z][_A-Za-z0-9]*\)$/\1 \2 \2/p'\'''
lt_cv_sys_global_symbol_to_c_name_address='sed -n -e '\''s/^: \([^ ]*\) $/  {\"\1\", (lt_ptr) 0},/p'\'' -e '\''s/^[BCDEGRST] \([^ ]*\) \([^ ]*\)$/  {"\2", (lt_ptr) \&\2},/p'\'''
lt_cv_sys_global_symbol_to_cdecl='sed -n -e '\''s/^. .* \(.*\)$/extern int \1;/p'\'''
lt_cv_sys_max_cmd_len=32768
lt_lt_cv_prog_compiler_c_o='"yes"'
lt_lt_cv_prog_compiler_c_o_CXX='"yes"'
lt_lt_cv_prog_compiler_c_o_F77='"yes"'
lt_lt_cv_sys_global_symbol_pipe='"sed -n -e '\''s/^.*[ 	]\\([ABCDGIRSTW][ABCDGIRSTW]*\\)[ 	][ 	]*\\([_A-Za-z][_A-Za-z0-9]*\\)\$/\\1 \\2 \\2/p'\''"'
lt_lt_cv_sys_global_symbol_to_c_name_address='"sed -n -e '\''s/^: \\([^ ]*\\) \$/  {\\\"\\1\\\", (lt_ptr) 0},/p'\'' -e '\''s/^[BCDEGRST] \\([^ ]*\\) \\([^ ]*\\)\$/  {\"\\2\", (lt_ptr) \\&\\2},/p'\''"'
lt_lt_cv_sys_global_symbol_to_cdecl='"sed -n -e '\''s/^. .* \\(.*\\)\$/extern int \\1;/p'\''"'

## ----------------- ##
## Output variables. ##
## ----------------- ##

ACLOCAL='${SHELL} /home/videmp/Downloads/GraphClust-0.7.6/missing --run aclocal-1.9'
AMDEPBACKSLASH='\'
AMDEP_FALSE='#'
AMDEP_TRUE=''
AMTAR='${SHELL} /home/videmp/Downloads/GraphClust-0.7.6/missing --run tar'
AR='ar'
AUTOCONF='${SHELL} /home/videmp/Downloads/GraphClust-0.7.6/missing --run autoconf'
AUTOHEADER='${SHELL} /home/videmp/Downloads/GraphClust-0.7.6/missing --run autoheader'
AUTOMAKE='${SHELL} /home/videmp/Downloads/GraphClust-0.7.6/missing --run automake-1.9'
AWK='gawk'
BLASTCLUST_BINPATH='false'
CC='gcc'
CCDEPMODE='depmode=gcc3'
CFLAGS='-O3'
CMFINDER_BINPATH='false'
CPP='gcc -E'
CPPFLAGS='-fopenmp  -Wno-deprecated'
CXX='g++'
CXXCPP='g++ -E'
CXXDEPMODE='depmode=gcc3'
CXXFLAGS='-O3'
CYGPATH_W='echo'
DEFS=''
DEPDIR='.deps'
ECHO='echo'
ECHO_C=''
ECHO_N='-n'
ECHO_T=''
EGREP='grep -E'
EXEEXT=''
F77='f77'
FFLAGS='-g -O2'
HELP2MAN='false'
INFERNAL_BINPATH='false'
INSTALL_DATA='${INSTALL} -m 644'
INSTALL_PROGRAM='${INSTALL}'
INSTALL_SCRIPT='${INSTALL}'
INSTALL_STRIP_PROGRAM='${SHELL} $(install_sh) -c -s'
LDFLAGS='-fopenmp '
LIBOBJS=''
LIBS='-lm '
LIBTOOL='$(SHELL) $(top_builddir)/libtool'
LN_S='ln -s'
LOCARNA_BINPATH='false'
LTLIBOBJS=''
MAKEINFO='${SHELL} /home/videmp/Downloads/GraphClust-0.7.6/missing --run makeinfo'
OBJEXT='o'
OCTAVE_BINPATH='false'
OPENMP_CXXFLAGS='-fopenmp'
PACKAGE='GraphClust'
PACKAGE_BUGREPORT='heyne@informatik.uni-freiburg.de'
PACKAGE_NAME='GraphClust'
PACKAGE_STRING='GraphClust 0.7.6'
PACKAGE_TARNAME='GraphClust'
PACKAGE_VERSION='0.7.6'
PATH_SEPARATOR=':'
PERL='/usr/bin/perl'
POD2MAN='/usr/bin/pod2man'
RANLIB='ranlib'
RNASHAPES_BINPATH='false'
RNAZ_BINPATH='false'
RNAalifold='/usr/local/bin/RNAalifold'
RNAfold='/usr/local/bin/RNAfold'
RNAplfold='/usr/local/bin/RNAplfold'
R_BINPATH='/usr/bin/'
SED='/bin/sed'
SET_MAKE=''
SHELL='/bin/bash'
STRIP='strip'
VERSION='0.7.6'
VIENNA_BINPATH='/usr/local/bin/'
ac_ct_AR='ar'
ac_ct_CC='gcc'
ac_ct_CXX='g++'
ac_ct_F77='f77'
ac_ct_RANLIB='ranlib'
ac_ct_STRIP='strip'
am__fastdepCC_FALSE='#'
am__fastdepCC_TRUE=''
am__fastdepCXX_FALSE='#'
am__fastdepCXX_TRUE=''
am__include='include'
am__leading_dot='.'
am__quote=''
am__tar='${AMTAR} chof - "$$tardir"'
am__untar='${AMTAR} xf -'
bindir='${exec_prefix}/bin'
build='x86_64-unknown-linux-gnu'
build_alias=''
build_cpu='x86_64'
build_os='linux-gnu'
build_vendor='unknown'
datadir='${prefix}/share'
exec_prefix='NONE'
host='x86_64-unknown-linux-gnu'
host_alias=''
host_cpu='x86_64'
host_os='linux-gnu'
host_vendor='unknown'
includedir='${prefix}/include'
infodir='${prefix}/info'
install_sh='/home/videmp/Downloads/GraphClust-0.7.6/install-sh'
libdir='${exec_prefix}/lib'
libexecdir='${exec_prefix}/libexec'
localstatedir='${prefix}/var'
mandir='${prefix}/man'
mkdir_p='mkdir -p --'
oldincludedir='/usr/include'
prefix='/home/videmp/Downloads/GraphClust-0.7.6/install_dir'
program_transform_name='s,x,x,'
sbindir='${exec_prefix}/sbin'
sharedstatedir='${prefix}/com'
sysconfdir='${prefix}/etc'
target_alias=''
with_vrna='/usr/local//'

## ----------- ##
## confdefs.h. ##
## ----------- ##

#define HAVE_DLFCN_H 1
#define HAVE_INTTYPES_H 1
#define HAVE_MEMORY_H 1
#define HAVE_STDINT_H 1
#define HAVE_STDLIB_H 1
#define HAVE_STRINGS_H 1
#define HAVE_STRING_H 1
#define HAVE_SYS_STAT_H 1
#define HAVE_SYS_TYPES_H 1
#define HAVE_UNISTD_H 1
#define NDEBUG 1
#define PACKAGE "GraphClust"
#define PACKAGE_BUGREPORT "heyne@informatik.uni-freiburg.de"
#define PACKAGE_NAME "GraphClust"
#define PACKAGE_STRING "GraphClust 0.7.6"
#define PACKAGE_TARNAME "GraphClust"
#define PACKAGE_VERSION "0.7.6"
#define STDC_HEADERS 1
#define VERSION "0.7.6"
#endif
#ifdef __cplusplus
extern "C" void exit (int) throw ();

configure: exit 255
